<?xml version="1.0" encoding="UTF-8"?>
<beans xmlns="http://www.springframework.org/schema/beans"
	xmlns:xsi="http://www.w3.org/2001/XMLSchema-instance"
	xsi:schemaLocation="http://www.springframework.org/schema/beans http://www.springframework.org/schema/beans/spring-beans-2.5.xsd http://www.springframework.org/schema/context http://www.springframework.org/schema/context/spring-context-2.5.xsd http://www.springframework.org/schema/tx http://www.springframework.org/schema/tx/spring-tx.xsd"
	xmlns:tx="http://www.springframework.org/schema/tx"
    xmlns:context="http://www.springframework.org/schema/context">
	
	<context:annotation-config />
	<context:component-scan base-package="sk.seges.corpis" />
	<tx:annotation-driven />
	
	<alias name="corpisEntityManagerFactory" alias="corpisTestEntityManagerFactory"/>
	
	<bean id="corpisEntityManagerFactory"
		class="org.springframework.orm.jpa.LocalEntityManagerFactoryBean">
		<property name="persistenceUnitName" value="testPU" />
		<property name="jpaVendorAdapter">
			<bean id="jpaVendorAdapter"
				class="org.springframework.orm.jpa.vendor.HibernateJpaVendorAdapter">
			</bean>
		</property>
	</bean>
	
	<bean id="transactionManager" class="org.springframework.orm.jpa.JpaTransactionManager">
		<property name="entityManagerFactory" ref="corpisEntityManagerFactory" />
	</bean>
</beans>